[0.010s] Invoking command in '/home/mart/dev/karelics_vesc/src/karelics_vesc_can_driver/build/karelics_vesc_can_driver': CMAKE_PREFIX_PATH=/opt/ros/foxy /usr/bin/cmake --build /home/mart/dev/karelics_vesc/src/karelics_vesc_can_driver/build/karelics_vesc_can_driver -- -j12 -l12
[0.044s] [  6%] Built target karelics_vesc_can_driver__cpp
[0.044s] [  6%] [32mBuilding C object CMakeFiles/karelics_vesc_can_driver__rosidl_generator_c.dir/rosidl_generator_c/karelics_vesc_can_driver/msg/detail/vesc_status__functions.c.o[0m
[0.059s] [ 16%] [32mBuilding CXX object CMakeFiles/karelics_vesc_can_driver__rosidl_typesupport_fastrtps_cpp.dir/rosidl_typesupport_fastrtps_cpp/karelics_vesc_can_driver/msg/detail/dds_fastrtps/vesc_status__type_support.cpp.o[0m
[0.059s] [ 16%] [32mBuilding CXX object CMakeFiles/karelics_vesc_can_driver__rosidl_typesupport_cpp.dir/rosidl_typesupport_cpp/karelics_vesc_can_driver/msg/vesc_status__type_support.cpp.o[0m
[0.059s] [ 16%] [32mBuilding CXX object CMakeFiles/karelics_vesc_can_driver__rosidl_typesupport_introspection_cpp.dir/rosidl_typesupport_introspection_cpp/karelics_vesc_can_driver/msg/detail/vesc_status__type_support.cpp.o[0m
[0.059s] In file included from [01m[K/home/mart/dev/karelics_vesc/src/karelics_vesc_can_driver/build/karelics_vesc_can_driver/rosidl_generator_c/karelics_vesc_can_driver/msg/detail/vesc_status__functions.h:19[m[K,
[0.060s]                  from [01m[K/home/mart/dev/karelics_vesc/src/karelics_vesc_can_driver/build/karelics_vesc_can_driver/rosidl_generator_c/karelics_vesc_can_driver/msg/detail/vesc_status__functions.c:4[m[K:
[0.060s] [01m[K/home/mart/dev/karelics_vesc/src/karelics_vesc_can_driver/build/karelics_vesc_can_driver/rosidl_generator_c/karelics_vesc_can_driver/msg/detail/vesc_status__struct.h:22:10:[m[K [01;31m[Kfatal error: [m[Kkarelics_vesc_can_driver/msg/detail/header__struct.h: No such file or directory
[0.060s]    22 | #include [01;31m[K"karelics_vesc_can_driver/msg/detail/header__struct.h"[m[K
[0.060s]       |          [01;31m[K^~~~~~~~~~~~~~~~~~~~~~~~~~~~~~~~~~~~~~~~~~~~~~~~~~~~~~[m[K
[0.060s] compilation terminated.
[0.060s] make[2]: *** [CMakeFiles/karelics_vesc_can_driver__rosidl_generator_c.dir/build.make:92: CMakeFiles/karelics_vesc_can_driver__rosidl_generator_c.dir/rosidl_generator_c/karelics_vesc_can_driver/msg/detail/vesc_status__functions.c.o] Error 1
[0.060s] make[1]: *** [CMakeFiles/Makefile2:325: CMakeFiles/karelics_vesc_can_driver__rosidl_generator_c.dir/all] Error 2
[0.060s] make[1]: *** Waiting for unfinished jobs....
[0.124s] In file included from [01m[K/home/mart/dev/karelics_vesc/src/karelics_vesc_can_driver/build/karelics_vesc_can_driver/rosidl_typesupport_introspection_cpp/karelics_vesc_can_driver/msg/detail/vesc_status__type_support.cpp:12[m[K:
[0.124s] [01m[K/home/mart/dev/karelics_vesc/src/karelics_vesc_can_driver/build/karelics_vesc_can_driver/rosidl_generator_cpp/karelics_vesc_can_driver/msg/detail/vesc_status__struct.hpp:19:10:[m[K [01;31m[Kfatal error: [m[Kkarelics_vesc_can_driver/msg/detail/header__struct.hpp: No such file or directory
[0.124s]    19 | #include [01;31m[K"karelics_vesc_can_driver/msg/detail/header__struct.hpp"[m[K
[0.125s]       |          [01;31m[K^~~~~~~~~~~~~~~~~~~~~~~~~~~~~~~~~~~~~~~~~~~~~~~~~~~~~~~~[m[K
[0.125s] compilation terminated.
[0.125s] In file included from [01m[K/home/mart/dev/karelics_vesc/src/karelics_vesc_can_driver/build/karelics_vesc_can_driver/rosidl_typesupport_cpp/karelics_vesc_can_driver/msg/vesc_status__type_support.cpp:7[m[K:
[0.125s] [01m[K/home/mart/dev/karelics_vesc/src/karelics_vesc_can_driver/build/karelics_vesc_can_driver/rosidl_generator_cpp/karelics_vesc_can_driver/msg/detail/vesc_status__struct.hpp:19:10:[m[K [01;31m[Kfatal error: [m[Kkarelics_vesc_can_driver/msg/detail/header__struct.hpp: No such file or directory
[0.125s]    19 | #include [01;31m[K"karelics_vesc_can_driver/msg/detail/header__struct.hpp"[m[K
[0.125s]       |          [01;31m[K^~~~~~~~~~~~~~~~~~~~~~~~~~~~~~~~~~~~~~~~~~~~~~~~~~~~~~~~[m[K
[0.125s] compilation terminated.
[0.125s] make[2]: *** [CMakeFiles/karelics_vesc_can_driver__rosidl_typesupport_introspection_cpp.dir/build.make:78: CMakeFiles/karelics_vesc_can_driver__rosidl_typesupport_introspection_cpp.dir/rosidl_typesupport_introspection_cpp/karelics_vesc_can_driver/msg/detail/vesc_status__type_support.cpp.o] Error 1
[0.125s] make[1]: *** [CMakeFiles/Makefile2:238: CMakeFiles/karelics_vesc_can_driver__rosidl_typesupport_introspection_cpp.dir/all] Error 2
[0.126s] make[2]: *** [CMakeFiles/karelics_vesc_can_driver__rosidl_typesupport_cpp.dir/build.make:73: CMakeFiles/karelics_vesc_can_driver__rosidl_typesupport_cpp.dir/rosidl_typesupport_cpp/karelics_vesc_can_driver/msg/vesc_status__type_support.cpp.o] Error 1
[0.126s] make[1]: *** [CMakeFiles/Makefile2:408: CMakeFiles/karelics_vesc_can_driver__rosidl_typesupport_cpp.dir/all] Error 2
[0.128s] In file included from [01m[K/home/mart/dev/karelics_vesc/src/karelics_vesc_can_driver/build/karelics_vesc_can_driver/rosidl_typesupport_fastrtps_cpp/karelics_vesc_can_driver/msg/detail/vesc_status__rosidl_typesupport_fastrtps_cpp.hpp:11[m[K,
[0.128s]                  from [01m[K/home/mart/dev/karelics_vesc/src/karelics_vesc_can_driver/build/karelics_vesc_can_driver/rosidl_typesupport_fastrtps_cpp/karelics_vesc_can_driver/msg/detail/dds_fastrtps/vesc_status__type_support.cpp:4[m[K:
[0.128s] [01m[K/home/mart/dev/karelics_vesc/src/karelics_vesc_can_driver/build/karelics_vesc_can_driver/rosidl_generator_cpp/karelics_vesc_can_driver/msg/detail/vesc_status__struct.hpp:19:10:[m[K [01;31m[Kfatal error: [m[Kkarelics_vesc_can_driver/msg/detail/header__struct.hpp: No such file or directory
[0.128s]    19 | #include [01;31m[K"karelics_vesc_can_driver/msg/detail/header__struct.hpp"[m[K
[0.128s]       |          [01;31m[K^~~~~~~~~~~~~~~~~~~~~~~~~~~~~~~~~~~~~~~~~~~~~~~~~~~~~~~~[m[K
[0.128s] compilation terminated.
[0.129s] make[2]: *** [CMakeFiles/karelics_vesc_can_driver__rosidl_typesupport_fastrtps_cpp.dir/build.make:78: CMakeFiles/karelics_vesc_can_driver__rosidl_typesupport_fastrtps_cpp.dir/rosidl_typesupport_fastrtps_cpp/karelics_vesc_can_driver/msg/detail/dds_fastrtps/vesc_status__type_support.cpp.o] Error 1
[0.129s] make[1]: *** [CMakeFiles/Makefile2:352: CMakeFiles/karelics_vesc_can_driver__rosidl_typesupport_fastrtps_cpp.dir/all] Error 2
[0.129s] make: *** [Makefile:141: all] Error 2
[0.131s] Invoked command in '/home/mart/dev/karelics_vesc/src/karelics_vesc_can_driver/build/karelics_vesc_can_driver' returned '2': CMAKE_PREFIX_PATH=/opt/ros/foxy /usr/bin/cmake --build /home/mart/dev/karelics_vesc/src/karelics_vesc_can_driver/build/karelics_vesc_can_driver -- -j12 -l12
