[0.010s] Invoking command in '/home/mart/dev/karelics_vesc/src/karelics_vesc_can_driver/build/karelics_vesc_can_driver': CMAKE_PREFIX_PATH=/opt/ros/foxy /usr/bin/cmake --build /home/mart/dev/karelics_vesc/src/karelics_vesc_can_driver/build/karelics_vesc_can_driver -- -j12 -l12
[0.028s] -- Found ament_cmake: 0.9.8 (/opt/ros/foxy/share/ament_cmake/cmake)
[0.044s] -- Found PythonInterp: /usr/bin/python3 (found suitable version "3.8.5", minimum required is "3") 
[0.044s] -- Using PYTHON_EXECUTABLE: /usr/bin/python3
[0.214s] -- Found rosidl_default_generators: 1.0.1 (/opt/ros/foxy/share/rosidl_default_generators/cmake)
[0.215s] -- Using all available rosidl_typesupport_c: rosidl_typesupport_fastrtps_c;rosidl_typesupport_introspection_c
[0.218s] -- Found rosidl_adapter: 1.2.1 (/opt/ros/foxy/share/rosidl_adapter/cmake)
[0.314s] -- Using all available rosidl_typesupport_cpp: rosidl_typesupport_fastrtps_cpp;rosidl_typesupport_introspection_cpp
[0.334s] -- Found std_msgs: 2.0.4 (/opt/ros/foxy/share/std_msgs/cmake)
[0.377s] -- Found PythonInterp: /usr/bin/python3 (found version "3.8.5") 
[0.459s] -- Found ament_cmake_ros: 0.9.1 (/opt/ros/foxy/share/ament_cmake_ros/cmake)
[0.524s] -- Using all available rosidl_typesupport_c: rosidl_typesupport_fastrtps_c;rosidl_typesupport_introspection_c
[0.529s] -- Using all available rosidl_typesupport_cpp: rosidl_typesupport_fastrtps_cpp;rosidl_typesupport_introspection_cpp
[0.546s] -- Found PythonInterp: /usr/bin/python3 (found suitable version "3.8.5", minimum required is "3.5") 
[0.546s] -- Found python_cmake_module: 0.8.1 (/opt/ros/foxy/share/python_cmake_module/cmake)
[0.563s] -- Using PYTHON_EXECUTABLE: /usr/bin/python3
[0.563s] -- Using PYTHON_INCLUDE_DIRS: /usr/include/python3.8
[0.563s] -- Using PYTHON_LIBRARIES: /usr/lib/x86_64-linux-gnu/libpython3.8.so
[0.572s] -- Found ament_lint_auto: 0.9.6 (/opt/ros/foxy/share/ament_lint_auto/cmake)
[0.579s] -- Added test 'copyright' to check source files copyright and LICENSE
[0.595s] -- Added test 'cppcheck' to perform static code analysis on C / C++ code
[0.596s] -- Configured cppcheck include dirs: $<BUILD_INTERFACE:/home/mart/dev/karelics_vesc/src/karelics_vesc_can_driver/build/karelics_vesc_can_driver/rosidl_generator_c>;/home/mart/dev/karelics_vesc/src/karelics_vesc_can_driver/build/karelics_vesc_can_driver/rosidl_generator_c;/home/mart/dev/karelics_vesc/src/karelics_vesc_can_driver/build/karelics_vesc_can_driver/rosidl_generator_cpp;/home/mart/dev/karelics_vesc/src/karelics_vesc_can_driver/build/karelics_vesc_can_driver/rosidl_typesupport_fastrtps_c;/home/mart/dev/karelics_vesc/src/karelics_vesc_can_driver/build/karelics_vesc_can_driver/rosidl_typesupport_fastrtps_cpp;$<BUILD_INTERFACE:/home/mart/dev/karelics_vesc/src/karelics_vesc_can_driver/build/karelics_vesc_can_driver/rosidl_typesupport_introspection_c>;$<BUILD_INTERFACE:/home/mart/dev/karelics_vesc/src/karelics_vesc_can_driver/build/karelics_vesc_can_driver/rosidl_typesupport_c>;$<BUILD_INTERFACE:/home/mart/dev/karelics_vesc/src/karelics_vesc_can_driver/build/karelics_vesc_can_driver/rosidl_generator_cpp>;/home/mart/dev/karelics_vesc/src/karelics_vesc_can_driver/build/karelics_vesc_can_driver/rosidl_generator_py
[0.597s] -- Configured cppcheck exclude dirs and/or files: 
[0.612s] -- Added test 'cpplint' to check C / C++ code against the Google style
[0.612s] -- Configured cpplint exclude dirs and/or files: 
[0.614s] -- Added test 'flake8' to check Python code syntax and style conventions
[0.618s] -- Added test 'lint_cmake' to check CMake code style
[0.620s] -- Added test 'pep257' to check Python code against some of the style conventions in PEP 257
[0.636s] -- Added test 'uncrustify' to check C / C++ code style
[0.636s] -- Configured uncrustify additional arguments: 
[0.638s] -- Added test 'xmllint' to check XML markup files
[0.640s] -- Configuring done
[0.661s] -- Generating done
[0.663s] -- Build files have been written to: /home/mart/dev/karelics_vesc/src/karelics_vesc_can_driver/build/karelics_vesc_can_driver
[0.686s] [  6%] [32mBuilding C object CMakeFiles/karelics_vesc_can_driver__rosidl_generator_c.dir/rosidl_generator_c/karelics_vesc_can_driver/msg/detail/vesc_status__functions.c.o[0m
[0.686s] [  6%] Built target karelics_vesc_can_driver__cpp
[0.701s] [ 16%] [32mBuilding CXX object CMakeFiles/karelics_vesc_can_driver__rosidl_typesupport_cpp.dir/rosidl_typesupport_cpp/karelics_vesc_can_driver/msg/vesc_status__type_support.cpp.o[0m
[0.702s] [ 16%] [32mBuilding CXX object CMakeFiles/karelics_vesc_can_driver__rosidl_typesupport_fastrtps_cpp.dir/rosidl_typesupport_fastrtps_cpp/karelics_vesc_can_driver/msg/detail/dds_fastrtps/vesc_status__type_support.cpp.o[0m
[0.702s] [ 16%] [32mBuilding CXX object CMakeFiles/karelics_vesc_can_driver__rosidl_typesupport_introspection_cpp.dir/rosidl_typesupport_introspection_cpp/karelics_vesc_can_driver/msg/detail/vesc_status__type_support.cpp.o[0m
[0.702s] In file included from [01m[K/home/mart/dev/karelics_vesc/src/karelics_vesc_can_driver/build/karelics_vesc_can_driver/rosidl_generator_c/karelics_vesc_can_driver/msg/detail/vesc_status__functions.h:19[m[K,
[0.702s]                  from [01m[K/home/mart/dev/karelics_vesc/src/karelics_vesc_can_driver/build/karelics_vesc_can_driver/rosidl_generator_c/karelics_vesc_can_driver/msg/detail/vesc_status__functions.c:4[m[K:
[0.702s] [01m[K/home/mart/dev/karelics_vesc/src/karelics_vesc_can_driver/build/karelics_vesc_can_driver/rosidl_generator_c/karelics_vesc_can_driver/msg/detail/vesc_status__struct.h:22:10:[m[K [01;31m[Kfatal error: [m[Kkarelics_vesc_can_driver/msg/detail/header__struct.h: No such file or directory
[0.702s]    22 | #include [01;31m[K"karelics_vesc_can_driver/msg/detail/header__struct.h"[m[K
[0.702s]       |          [01;31m[K^~~~~~~~~~~~~~~~~~~~~~~~~~~~~~~~~~~~~~~~~~~~~~~~~~~~~~[m[K
[0.702s] compilation terminated.
[0.703s] make[2]: *** [CMakeFiles/karelics_vesc_can_driver__rosidl_generator_c.dir/build.make:92: CMakeFiles/karelics_vesc_can_driver__rosidl_generator_c.dir/rosidl_generator_c/karelics_vesc_can_driver/msg/detail/vesc_status__functions.c.o] Error 1
[0.703s] make[1]: *** [CMakeFiles/Makefile2:325: CMakeFiles/karelics_vesc_can_driver__rosidl_generator_c.dir/all] Error 2
[0.703s] make[1]: *** Waiting for unfinished jobs....
[0.765s] In file included from [01m[K/home/mart/dev/karelics_vesc/src/karelics_vesc_can_driver/build/karelics_vesc_can_driver/rosidl_typesupport_cpp/karelics_vesc_can_driver/msg/vesc_status__type_support.cpp:7[m[K:
[0.765s] [01m[K/home/mart/dev/karelics_vesc/src/karelics_vesc_can_driver/build/karelics_vesc_can_driver/rosidl_generator_cpp/karelics_vesc_can_driver/msg/detail/vesc_status__struct.hpp:19:10:[m[K [01;31m[Kfatal error: [m[Kkarelics_vesc_can_driver/msg/detail/header__struct.hpp: No such file or directory
[0.765s]    19 | #include [01;31m[K"karelics_vesc_can_driver/msg/detail/header__struct.hpp"[m[K
[0.766s]       |          [01;31m[K^~~~~~~~~~~~~~~~~~~~~~~~~~~~~~~~~~~~~~~~~~~~~~~~~~~~~~~~[m[K
[0.766s] compilation terminated.
[0.766s] In file included from [01m[K/home/mart/dev/karelics_vesc/src/karelics_vesc_can_driver/build/karelics_vesc_can_driver/rosidl_typesupport_introspection_cpp/karelics_vesc_can_driver/msg/detail/vesc_status__type_support.cpp:12[m[K:
[0.766s] [01m[K/home/mart/dev/karelics_vesc/src/karelics_vesc_can_driver/build/karelics_vesc_can_driver/rosidl_generator_cpp/karelics_vesc_can_driver/msg/detail/vesc_status__struct.hpp:19:10:[m[K [01;31m[Kfatal error: [m[Kkarelics_vesc_can_driver/msg/detail/header__struct.hpp: No such file or directory
[0.766s]    19 | #include [01;31m[K"karelics_vesc_can_driver/msg/detail/header__struct.hpp"[m[K
[0.766s]       |          [01;31m[K^~~~~~~~~~~~~~~~~~~~~~~~~~~~~~~~~~~~~~~~~~~~~~~~~~~~~~~~[m[K
[0.766s] compilation terminated.
[0.767s] make[2]: *** [CMakeFiles/karelics_vesc_can_driver__rosidl_typesupport_cpp.dir/build.make:73: CMakeFiles/karelics_vesc_can_driver__rosidl_typesupport_cpp.dir/rosidl_typesupport_cpp/karelics_vesc_can_driver/msg/vesc_status__type_support.cpp.o] Error 1
[0.767s] make[2]: *** [CMakeFiles/karelics_vesc_can_driver__rosidl_typesupport_introspection_cpp.dir/build.make:78: CMakeFiles/karelics_vesc_can_driver__rosidl_typesupport_introspection_cpp.dir/rosidl_typesupport_introspection_cpp/karelics_vesc_can_driver/msg/detail/vesc_status__type_support.cpp.o] Error 1
[0.767s] make[1]: *** [CMakeFiles/Makefile2:408: CMakeFiles/karelics_vesc_can_driver__rosidl_typesupport_cpp.dir/all] Error 2
[0.767s] make[1]: *** [CMakeFiles/Makefile2:238: CMakeFiles/karelics_vesc_can_driver__rosidl_typesupport_introspection_cpp.dir/all] Error 2
[0.769s] In file included from [01m[K/home/mart/dev/karelics_vesc/src/karelics_vesc_can_driver/build/karelics_vesc_can_driver/rosidl_typesupport_fastrtps_cpp/karelics_vesc_can_driver/msg/detail/vesc_status__rosidl_typesupport_fastrtps_cpp.hpp:11[m[K,
[0.769s]                  from [01m[K/home/mart/dev/karelics_vesc/src/karelics_vesc_can_driver/build/karelics_vesc_can_driver/rosidl_typesupport_fastrtps_cpp/karelics_vesc_can_driver/msg/detail/dds_fastrtps/vesc_status__type_support.cpp:4[m[K:
[0.769s] [01m[K/home/mart/dev/karelics_vesc/src/karelics_vesc_can_driver/build/karelics_vesc_can_driver/rosidl_generator_cpp/karelics_vesc_can_driver/msg/detail/vesc_status__struct.hpp:19:10:[m[K [01;31m[Kfatal error: [m[Kkarelics_vesc_can_driver/msg/detail/header__struct.hpp: No such file or directory
[0.769s]    19 | #include [01;31m[K"karelics_vesc_can_driver/msg/detail/header__struct.hpp"[m[K
[0.769s]       |          [01;31m[K^~~~~~~~~~~~~~~~~~~~~~~~~~~~~~~~~~~~~~~~~~~~~~~~~~~~~~~~[m[K
[0.769s] compilation terminated.
[0.770s] make[2]: *** [CMakeFiles/karelics_vesc_can_driver__rosidl_typesupport_fastrtps_cpp.dir/build.make:78: CMakeFiles/karelics_vesc_can_driver__rosidl_typesupport_fastrtps_cpp.dir/rosidl_typesupport_fastrtps_cpp/karelics_vesc_can_driver/msg/detail/dds_fastrtps/vesc_status__type_support.cpp.o] Error 1
[0.770s] make[1]: *** [CMakeFiles/Makefile2:352: CMakeFiles/karelics_vesc_can_driver__rosidl_typesupport_fastrtps_cpp.dir/all] Error 2
[0.770s] make: *** [Makefile:141: all] Error 2
[0.772s] Invoked command in '/home/mart/dev/karelics_vesc/src/karelics_vesc_can_driver/build/karelics_vesc_can_driver' returned '2': CMAKE_PREFIX_PATH=/opt/ros/foxy /usr/bin/cmake --build /home/mart/dev/karelics_vesc/src/karelics_vesc_can_driver/build/karelics_vesc_can_driver -- -j12 -l12
